Sat 13 Aug 2022 11:37:11 PM UTC: 
 tests:  1|6
total_score: 10/70
7d32712
Sun 14 Aug 2022 12:21:27 AM UTC: 
 exercises.c | 2 +-
 1 file changed, 1 insertion(+), 1 deletion(-)
 tests:  1|6
total_score: 10/70
bad9f83
Sun 14 Aug 2022 12:22:12 AM UTC: 
 exercises.c | 2 +-
 1 file changed, 1 insertion(+), 1 deletion(-)
 tests:  2|5
total_score: 20/70
8f1032e
Sun 14 Aug 2022 12:24:18 AM UTC: 
 exercises.c | 7 ++++++-
 1 file changed, 6 insertions(+), 1 deletion(-)
 tests:  3|4
total_score: 30/70
2522a14
Sun 14 Aug 2022 12:50:24 AM UTC: 
 exercises.c | 4 +++-
 1 file changed, 3 insertions(+), 1 deletion(-)
In file included from test.c:5:
exercises.c: In function ‘crearVector’:
exercises.c:81:4: error: expected expression before ‘Vector’
   81 |   *Vector v = (Vector*)calloc(sizeof(Vector));
      |    ^~~~~~
exercises.c:82:3: error: ‘capacidad’ undeclared (first use in this function)
   82 |   capacidad = n;
      |   ^~~~~~~~~
exercises.c:82:3: note: each undeclared identifier is reported only once for each function it appears in
exercises.c:83:11: error: ‘v’ undeclared (first use in this function)
   83 |    return v;
      |           ^
exercises.c:84:1: error: control reaches end of non-void function [-Werror=return-type]
   84 | }
      | ^
cc1: all warnings being treated as errors
Compilation failed
ed80dca
Sun 14 Aug 2022 12:50:55 AM UTC: 
 exercises.c | 2 +-
 1 file changed, 1 insertion(+), 1 deletion(-)
In file included from test.c:5:
exercises.c: In function ‘crearVector’:
exercises.c:81:4: error: expected expression before ‘Vector’
   81 |   *Vector v = (Vector*)calloc(sizeof(Vector));
      |    ^~~~~~
exercises.c:82:3: error: ‘cap’ undeclared (first use in this function)
   82 |   cap = n;
      |   ^~~
exercises.c:82:3: note: each undeclared identifier is reported only once for each function it appears in
exercises.c:83:11: error: ‘v’ undeclared (first use in this function)
   83 |    return v;
      |           ^
exercises.c:84:1: error: control reaches end of non-void function [-Werror=return-type]
   84 | }
      | ^
cc1: all warnings being treated as errors
Compilation failed
9b0d71b
Sun 14 Aug 2022 12:53:28 AM UTC: 
 exercises.c | 3 +--
 1 file changed, 1 insertion(+), 2 deletions(-)
In file included from test.c:5:
exercises.c: In function ‘crearVector’:
exercises.c:81:4: error: expected expression before ‘Vector’
   81 |   *Vector v = (Vector*)calloc(sizeof(Vector));
      |    ^~~~~~
Compilation failed
17b2d53
Sun 14 Aug 2022 12:53:55 AM UTC: 
 exercises.c | 3 ++-
 1 file changed, 2 insertions(+), 1 deletion(-)
In file included from test.c:5:
exercises.c: In function ‘crearVector’:
exercises.c:81:4: error: expected expression before ‘Vector’
   81 |   *Vector v;
      |    ^~~~~~
exercises.c:82:3: error: ‘v’ undeclared (first use in this function)
   82 |   v = (Vector*)calloc(sizeof(Vector));
      |   ^
exercises.c:82:3: note: each undeclared identifier is reported only once for each function it appears in
exercises.c:82:16: error: too few arguments to function ‘calloc’
   82 |   v = (Vector*)calloc(sizeof(Vector));
      |                ^~~~~~
In file included from test.c:2:
/nix/store/iwd8ic5hhwdxn5dga0im55g5hjl270cd-glibc-2.33-47-dev/include/stdlib.h:542:14: note: declared here
  542 | extern void *calloc (size_t __nmemb, size_t __size)
      |              ^~~~~~
Compilation failed
80ddfa9
Sun 14 Aug 2022 12:54:37 AM UTC: 
 exercises.c | 2 +-
 1 file changed, 1 insertion(+), 1 deletion(-)
In file included from test.c:5:
exercises.c: In function ‘crearVector’:
exercises.c:81:4: error: expected expression before ‘Vector’
   81 |   *Vector v;
      |    ^~~~~~
exercises.c:82:3: error: ‘v’ undeclared (first use in this function)
   82 |   v = (Vector*)calloc(sizeof(Vector));
      |   ^
exercises.c:82:3: note: each undeclared identifier is reported only once for each function it appears in
exercises.c:82:16: error: too few arguments to function ‘calloc’
   82 |   v = (Vector*)calloc(sizeof(Vector));
      |                ^~~~~~
In file included from test.c:2:
/nix/store/iwd8ic5hhwdxn5dga0im55g5hjl270cd-glibc-2.33-47-dev/include/stdlib.h:542:14: note: declared here
  542 | extern void *calloc (size_t __nmemb, size_t __size)
      |              ^~~~~~
In file included from test.c:5:
exercises.c:84:1: error: control reaches end of non-void function [-Werror=return-type]
   84 | }
      | ^
cc1: all warnings being treated as errors
Compilation failed
963d9fa
Sun 14 Aug 2022 12:55:44 AM UTC: 
 exercises.c | 2 +-
 1 file changed, 1 insertion(+), 1 deletion(-)
In file included from test.c:5:
exercises.c: In function ‘crearVector’:
exercises.c:81:4: error: expected expression before ‘Vector’
   81 |   *Vector v;
      |    ^~~~~~
exercises.c:82:3: error: ‘v’ undeclared (first use in this function)
   82 |   v = (Vector*)calloc(n,sizeof(Vector));
      |   ^
exercises.c:82:3: note: each undeclared identifier is reported only once for each function it appears in
exercises.c:84:1: error: control reaches end of non-void function [-Werror=return-type]
   84 | }
      | ^
cc1: all warnings being treated as errors
Compilation failed
6e3de7b
Sun 14 Aug 2022 12:56:05 AM UTC: 
 exercises.c | 2 +-
 1 file changed, 1 insertion(+), 1 deletion(-)
In file included from test.c:5:
exercises.c: In function ‘crearVector’:
exercises.c:81:4: error: expected expression before ‘Vector’
   81 |   *Vector v;
      |    ^~~~~~
exercises.c:82:3: error: ‘v’ undeclared (first use in this function)
   82 |   v = calloc(n,sizeof(Vector));
      |   ^
exercises.c:82:3: note: each undeclared identifier is reported only once for each function it appears in
exercises.c:84:1: error: control reaches end of non-void function [-Werror=return-type]
   84 | }
      | ^
cc1: all warnings being treated as errors
Compilation failed
8d21f2d
Sun 14 Aug 2022 12:57:17 AM UTC: 
 exercises.c | 2 +-
 1 file changed, 1 insertion(+), 1 deletion(-)
In file included from test.c:5:
exercises.c: In function ‘crearVector’:
exercises.c:81:4: error: expected expression before ‘Vector’
   81 |   *Vector v;
      |    ^~~~~~
exercises.c:82:3: error: ‘v’ undeclared (first use in this function)
   82 |   v = (Vector*)malloc(n*sizeof(Vector));
      |   ^
exercises.c:82:3: note: each undeclared identifier is reported only once for each function it appears in
exercises.c:84:1: error: control reaches end of non-void function [-Werror=return-type]
   84 | }
      | ^
cc1: all warnings being treated as errors
Compilation failed
12aab58
Sun 14 Aug 2022 01:07:28 AM UTC: 
 exercises.c | 5 ++---
 1 file changed, 2 insertions(+), 3 deletions(-)
In file included from test.c:5:
exercises.c: In function ‘crearVector’:
exercises.c:82:4: error: expected ‘,’ or ‘;’ before ‘return’
   82 |    return NULL;
      |    ^~~~~~
exercises.c:81:11: error: unused variable ‘v’ [-Werror=unused-variable]
   81 |   Vector* v = (Vector*) malloc(sizeof(n))
      |           ^
exercises.c:83:1: error: control reaches end of non-void function [-Werror=return-type]
   83 | }
      | ^
cc1: all warnings being treated as errors
Compilation failed
3c7cb2f
Sun 14 Aug 2022 01:07:35 AM UTC: 
 exercises.c | 2 +-
 1 file changed, 1 insertion(+), 1 deletion(-)
In file included from test.c:5:
exercises.c: In function ‘crearVector’:
exercises.c:81:11: error: unused variable ‘v’ [-Werror=unused-variable]
   81 |   Vector* v = (Vector*) malloc(sizeof(n));
      |           ^
cc1: all warnings being treated as errors
Compilation failed
810ef6b
Sun 14 Aug 2022 01:07:45 AM UTC: 
 exercises.c | 2 +-
 1 file changed, 1 insertion(+), 1 deletion(-)
 tests:  3|4
total_score: 30/70
766b907
Sun 14 Aug 2022 01:08:26 AM UTC: 
 exercises.c | 2 +-
 1 file changed, 1 insertion(+), 1 deletion(-)
 tests:  3|4
total_score: 30/70
69a9aaf
Sun 14 Aug 2022 01:08:47 AM UTC: 
 exercises.c | 2 +-
 1 file changed, 1 insertion(+), 1 deletion(-)
 tests:  3|4
total_score: 30/70
0801452
Sun 14 Aug 2022 01:10:07 AM UTC: 
 exercises.c | 2 +-
 1 file changed, 1 insertion(+), 1 deletion(-)
In file included from test.c:5:
exercises.c: In function ‘crearVector’:
exercises.c:81:11: error: initialization of ‘int’ from ‘Vector *’ makes integer from pointer without a cast [-Werror=int-conversion]
   81 |   int v = (Vector*) calloc(n,sizeof(int));
      |           ^
exercises.c:82:11: error: returning ‘int’ from a function with return type ‘Vector *’ makes pointer from integer without a cast [-Werror=int-conversion]
   82 |    return v;
      |           ^
cc1: all warnings being treated as errors
Compilation failed
ec1ef21
Sun 14 Aug 2022 01:10:19 AM UTC: 
 exercises.c | 2 +-
 1 file changed, 1 insertion(+), 1 deletion(-)
In file included from test.c:5:
exercises.c: In function ‘crearVector’:
exercises.c:81:11: error: initialization of ‘int’ from ‘void *’ makes integer from pointer without a cast [-Werror=int-conversion]
   81 |   int v = calloc(n,sizeof(int));
      |           ^~~~~~
exercises.c:82:11: error: returning ‘int’ from a function with return type ‘Vector *’ makes pointer from integer without a cast [-Werror=int-conversion]
   82 |    return v;
      |           ^
cc1: all warnings being treated as errors
Compilation failed
003e2fe
Sun 14 Aug 2022 01:12:34 AM UTC: 
 exercises.c | 5 ++---
 1 file changed, 2 insertions(+), 3 deletions(-)
In file included from test.c:5:
exercises.c: In function ‘asignarValor’:
exercises.c:90:3: error: invalid type argument of unary ‘*’ (have ‘Vector’)
   90 |   *v[i] = &valor;
      |   ^~~~~
Compilation failed
dcaf8e3
Sun 14 Aug 2022 01:12:58 AM UTC: 
 exercises.c | 2 +-
 1 file changed, 1 insertion(+), 1 deletion(-)
In file included from test.c:5:
exercises.c: In function ‘asignarValor’:
exercises.c:90:5: error: ‘Vector’ has no member named ‘i’
   90 |   *v->i = &valor;
      |     ^~
Compilation failed
f7cb48d
Sun 14 Aug 2022 01:13:41 AM UTC: 
 exercises.c | 2 +-
 1 file changed, 1 insertion(+), 1 deletion(-)
In file included from test.c:5:
exercises.c: In function ‘asignarValor’:
exercises.c:90:3: error: invalid type argument of unary ‘*’ (have ‘int’)
   90 |   *v->datos[i] = &valor;
      |   ^~~~~~~~~~~~
Compilation failed
9aea123
Sun 14 Aug 2022 01:14:00 AM UTC: 
 exercises.c | 2 +-
 1 file changed, 1 insertion(+), 1 deletion(-)
In file included from test.c:5:
exercises.c: In function ‘asignarValor’:
exercises.c:90:12: error: request for member ‘i’ in something not a structure or union
   90 |   *v->datos.i = &valor;
      |            ^
Compilation failed
8d3e90b
Sun 14 Aug 2022 01:14:12 AM UTC: 
 exercises.c | 1 -
 1 file changed, 1 deletion(-)
 tests:  3|4
total_score: 30/70
c72d65f
